[    0.000000] Linux version 4.15.0-136-generic (buildd@lcy01-amd64-029) (gcc version 7.5.0 (Ubuntu 7.5.0-3ubuntu1~18.04)) #140-Ubuntu SMP Thu Jan 28 05:20:47 UTC 2021 (Ubuntu 4.15.0-136.140-generic 4.15.18)
[    0.000000] Command line: BOOT_IMAGE=/boot/vmlinuz-4.15.0-136-generic root=LABEL=cloudimg-rootfs ro console=tty1 console=ttyS0
[    0.000000] KERNEL supported cpus:
[    0.000000]   Intel GenuineIntel
[    0.000000]   AMD AuthenticAMD
[    0.000000]   Centaur CentaurHauls
[    0.000000] x86/fpu: Supporting XSAVE feature 0x001: 'x87 floating point registers'
[    0.000000] x86/fpu: Supporting XSAVE feature 0x002: 'SSE registers'
[    0.000000] x86/fpu: Supporting XSAVE feature 0x004: 'AVX registers'
[    0.000000] x86/fpu: xstate_offset[2]:  576, xstate_sizes[2]:  256
[    0.000000] x86/fpu: Enabled xstate features 0x7, context size is 832 bytes, using 'standard' format.
[    0.000000] e820: BIOS-provided physical RAM map:
[    0.000000] BIOS-e820: [mem 0x0000000000000000-0x000000000009fbff] usable
[    0.000000] BIOS-e820: [mem 0x000000000009fc00-0x000000000009ffff] reserved
[    0.000000] BIOS-e820: [mem 0x00000000000f0000-0x00000000000fffff] reserved
[    0.000000] BIOS-e820: [mem 0x0000000000100000-0x000000003ffeffff] usable
[    0.000000] BIOS-e820: [mem 0x000000003fff0000-0x000000003fffffff] ACPI data
[    0.000000] BIOS-e820: [mem 0x00000000fec00000-0x00000000fec00fff] reserved
[    0.000000] BIOS-e820: [mem 0x00000000fee00000-0x00000000fee00fff] reserved
[    0.000000] BIOS-e820: [mem 0x00000000fffc0000-0x00000000ffffffff] reserved
[    0.000000] NX (Execute Disable) protection: active
[    0.000000] SMBIOS 2.5 present.
[    0.000000] DMI: innotek GmbH VirtualBox/VirtualBox, BIOS VirtualBox 12/01/2006
[    0.000000] Hypervisor detected: KVM
[    0.000000] e820: last_pfn = 0x3fff0 max_arch_pfn = 0x400000000
[    0.000000] MTRR: Disabled
[    0.000000] x86/PAT: MTRRs disabled, skipping PAT initialization too.
[    0.000000] CPU MTRRs all blank - virtualized system.
[    0.000000] x86/PAT: Configuration [0-7]: WB  WT  UC- UC  WB  WT  UC- UC  
[    0.000000] found SMP MP-table at [mem 0x0009fff0-0x0009ffff]
[    0.000000] Scanning 1 areas for low memory corruption
[    0.000000] RAMDISK: [mem 0x35a61000-0x36d27fff]
[    0.000000] ACPI: Early table checksum verification disabled
[    0.000000] ACPI: RSDP 0x00000000000E0000 000024 (v02 VBOX  )
[    0.000000] ACPI: XSDT 0x000000003FFF0030 00003C (v01 VBOX   VBOXXSDT 00000001 ASL  00000061)
[    0.000000] ACPI: FACP 0x000000003FFF00F0 0000F4 (v04 VBOX   VBOXFACP 00000001 ASL  00000061)
[    0.000000] ACPI: DSDT 0x000000003FFF0470 002325 (v02 VBOX   VBOXBIOS 00000002 INTL 20120111)
[    0.000000] ACPI: FACS 0x000000003FFF0200 000040
[    0.000000] ACPI: FACS 0x000000003FFF0200 000040
[    0.000000] ACPI: APIC 0x000000003FFF0240 00005C (v02 VBOX   VBOXAPIC 00000001 ASL  00000061)
[    0.000000] ACPI: SSDT 0x000000003FFF02A0 0001CC (v01 VBOX   VBOXCPUT 00000002 INTL 20120111)
[    0.000000] No NUMA configuration found
[    0.000000] Faking a node at [mem 0x0000000000000000-0x000000003ffeffff]
[    0.000000] NODE_DATA(0) allocated [mem 0x3ffc5000-0x3ffeffff]
[    0.000000] kvm-clock: cpu 0, msr 0:3ff44001, primary cpu clock
[    0.000000] kvm-clock: Using msrs 4b564d01 and 4b564d00
[    0.000000] kvm-clock: using sched offset of 3822758026 cycles
[    0.000000] clocksource: kvm-clock: mask: 0xffffffffffffffff max_cycles: 0x1cd42e4dffb, max_idle_ns: 881590591483 ns
[    0.000000] Zone ranges:
[    0.000000]   DMA      [mem 0x0000000000001000-0x0000000000ffffff]
[    0.000000]   DMA32    [mem 0x0000000001000000-0x000000003ffeffff]
[    0.000000]   Normal   empty
[    0.000000]   Device   empty
[    0.000000] Movable zone start for each node
[    0.000000] Early memory node ranges
[    0.000000]   node   0: [mem 0x0000000000001000-0x000000000009efff]
[    0.000000]   node   0: [mem 0x0000000000100000-0x000000003ffeffff]
[    0.000000] Reserved but unavailable: 98 pages
[    0.000000] Initmem setup node 0 [mem 0x0000000000001000-0x000000003ffeffff]
[    0.000000] ACPI: PM-Timer IO Port: 0x4008
[    0.000000] IOAPIC[0]: apic_id 2, version 32, address 0xfec00000, GSI 0-23
[    0.000000] ACPI: INT_SRC_OVR (bus 0 bus_irq 0 global_irq 2 dfl dfl)
[    0.000000] ACPI: INT_SRC_OVR (bus 0 bus_irq 9 global_irq 9 low level)
[    0.000000] Using ACPI (MADT) for SMP configuration information
[    0.000000] smpboot: Allowing 2 CPUs, 0 hotplug CPUs
[    0.000000] PM: Registered nosave memory: [mem 0x00000000-0x00000fff]
[    0.000000] PM: Registered nosave memory: [mem 0x0009f000-0x0009ffff]
[    0.000000] PM: Registered nosave memory: [mem 0x000a0000-0x000effff]
[    0.000000] PM: Registered nosave memory: [mem 0x000f0000-0x000fffff]
[    0.000000] e820: [mem 0x40000000-0xfebfffff] available for PCI devices
[    0.000000] Booting paravirtualized kernel on KVM
[    0.000000] clocksource: refined-jiffies: mask: 0xffffffff max_cycles: 0xffffffff, max_idle_ns: 7645519600211568 ns
[    0.000000] random: get_random_bytes called from start_kernel+0x99/0x500 with crng_init=0
[    0.000000] setup_percpu: NR_CPUS:8192 nr_cpumask_bits:2 nr_cpu_ids:2 nr_node_ids:1
[    0.000000] percpu: Embedded 45 pages/cpu s147456 r8192 d28672 u1048576
[    0.000000] PV qspinlock hash table entries: 256 (order: 0, 4096 bytes)
[    0.000000] Built 1 zonelists, mobility grouping on.  Total pages: 257913
[    0.000000] Policy zone: DMA32
[    0.000000] Kernel command line: BOOT_IMAGE=/boot/vmlinuz-4.15.0-136-generic root=LABEL=cloudimg-rootfs ro console=tty1 console=ttyS0
[    0.000000] Memory: 983016K/1048120K available (12300K kernel code, 2482K rwdata, 4276K rodata, 2440K init, 2724K bss, 65104K reserved, 0K cma-reserved)
[    0.000000] SLUB: HWalign=64, Order=0-3, MinObjects=0, CPUs=2, Nodes=1
[    0.000000] Kernel/User page tables isolation: enabled
[    0.000000] ftrace: allocating 39427 entries in 155 pages
[    0.004000] Hierarchical RCU implementation.
[    0.004000] 	RCU restricting CPUs from NR_CPUS=8192 to nr_cpu_ids=2.
[    0.004000] 	Tasks RCU enabled.
[    0.004000] RCU: Adjusting geometry for rcu_fanout_leaf=16, nr_cpu_ids=2
[    0.004000] NR_IRQS: 524544, nr_irqs: 440, preallocated irqs: 16
[    0.004000] Console: colour VGA+ 80x25
[    0.004000] console [tty1] enabled
[    0.004000] console [ttyS0] enabled
[    0.004000] ACPI: Core revision 20170831
[    0.004000] ACPI: 2 ACPI AML tables successfully acquired and loaded
[    0.004000] APIC: Switch to symmetric I/O mode setup
[    0.004000] x2apic enabled
[    0.004000] Switched APIC routing to physical x2apic.
[    0.004000] ..TIMER: vector=0x30 apic1=0 pin1=2 apic2=-1 pin2=-1
[    0.004000] tsc: Detected 2304.000 MHz processor
[    0.004007] Calibrating delay loop (skipped) preset value.. 4608.00 BogoMIPS (lpj=9216000)
[    0.005312] pid_max: default: 32768 minimum: 301
[    0.006065] Security Framework initialized
[    0.008001] Yama: becoming mindful.
[    0.008592] AppArmor: AppArmor initialized
[    0.010249] Dentry cache hash table entries: 131072 (order: 8, 1048576 bytes)
[    0.012037] Inode-cache hash table entries: 65536 (order: 7, 524288 bytes)
[    0.013886] Mount-cache hash table entries: 2048 (order: 2, 16384 bytes)
[    0.016004] Mountpoint-cache hash table entries: 2048 (order: 2, 16384 bytes)
[    0.017688] Last level iTLB entries: 4KB 64, 2MB 8, 4MB 8
[    0.018691] Last level dTLB entries: 4KB 64, 2MB 0, 4MB 0, 1GB 4
[    0.020003] Spectre V1 : Mitigation: usercopy/swapgs barriers and __user pointer sanitization
[    0.021552] Spectre V2 : Mitigation: Full generic retpoline
[    0.022544] Spectre V2 : Spectre v2 / SpectreRSB mitigation: Filling RSB on context switch
[    0.024001] Speculative Store Bypass: Vulnerable
[    0.024985] SRBDS: Unknown: Dependent on hypervisor status
[    0.025997] MDS: Mitigation: Clear CPU buffers
[    0.026845] Freeing SMP alternatives memory: 36K
[    0.136449] smpboot: CPU0: Intel(R) Core(TM) i9-9880H CPU @ 2.30GHz (family: 0x6, model: 0x9e, stepping: 0xd)
[    0.138481] Performance Events: unsupported p6 CPU model 158 no PMU driver, software events only.
[    0.140022] Hierarchical SRCU implementation.
[    0.141513] NMI watchdog: Perf event create on CPU 0 failed with -2
[    0.142531] NMI watchdog: Perf NMI watchdog permanently disabled
[    0.143528] smp: Bringing up secondary CPUs ...
[    0.144052] x86: Booting SMP configuration:
[    0.144757] .... node  #0, CPUs:      #1
[    0.004000] kvm-clock: cpu 1, msr 0:3ff44041, secondary cpu clock
[    0.148012] smp: Brought up 1 node, 2 CPUs
[    0.149050] smpboot: Max logical packages: 1
[    0.149753] smpboot: Total of 2 processors activated (9216.00 BogoMIPS)
[    0.152098] devtmpfs: initialized
[    0.152609] x86/mm: Memory block size: 128MB
[    0.153488] evm: security.selinux
[    0.154156] evm: security.SMACK64
[    0.154723] evm: security.SMACK64EXEC
[    0.155342] evm: security.SMACK64TRANSMUTE
[    0.156002] evm: security.SMACK64MMAP
[    0.157074] evm: security.apparmor
[    0.157652] evm: security.ima
[    0.158163] evm: security.capability
[    0.158792] clocksource: jiffies: mask: 0xffffffff max_cycles: 0xffffffff, max_idle_ns: 7645041785100000 ns
[    0.160005] futex hash table entries: 512 (order: 3, 32768 bytes)
[    0.161899] pinctrl core: initialized pinctrl subsystem
[    0.162776] RTC time: 14:47:23, date: 03/15/21
[    0.164082] NET: Registered protocol family 16
[    0.165062] audit: initializing netlink subsys (disabled)
[    0.165917] audit: type=2000 audit(1615819648.292:1): state=initialized audit_enabled=0 res=1
[    0.168008] cpuidle: using governor ladder
[    0.168845] cpuidle: using governor menu
[    0.169603] ACPI: bus type PCI registered
[    0.170559] acpiphp: ACPI Hot Plug PCI Controller Driver version: 0.5
[    0.172081] PCI: Using configuration type 1 for base access
[    0.173081] HugeTLB registered 2.00 MiB page size, pre-allocated 0 pages
[    0.176045] ACPI: Added _OSI(Module Device)
[    0.176719] ACPI: Added _OSI(Processor Device)
[    0.177644] ACPI: Added _OSI(3.0 _SCP Extensions)
[    0.178385] ACPI: Added _OSI(Processor Aggregator Device)
[    0.179222] ACPI: Added _OSI(Linux-Dell-Video)
[    0.179922] ACPI: Added _OSI(Linux-Lenovo-NV-HDMI-Audio)
[    0.180003] ACPI: Added _OSI(Linux-HPI-Hybrid-Graphics)
[    0.181183] ACPI: Executed 1 blocks of module-level executable AML code
[    0.185243] ACPI: Interpreter enabled
[    0.185895] ACPI: (supports S0 S5)
[    0.186447] ACPI: Using IOAPIC for interrupt routing
[    0.187871] PCI: Using host bridge windows from ACPI; if necessary, use "pci=nocrs" and report a bug
[    0.188166] ACPI: Enabled 2 GPEs in block 00 to 07
[    0.195960] ACPI: PCI Root Bridge [PCI0] (domain 0000 [bus 00-ff])
[    0.196005] acpi PNP0A03:00: _OSC: OS supports [ASPM ClockPM Segments MSI]
[    0.197347] acpi PNP0A03:00: _OSC: not requesting OS control; OS requires [ExtendedConfig ASPM ClockPM MSI]
[    0.200009] acpi PNP0A03:00: fail to add MMCONFIG information, can't access extended PCI configuration space under this bridge.
[    0.202614] PCI host bridge to bus 0000:00
[    0.204002] pci_bus 0000:00: root bus resource [io  0x0000-0x0cf7 window]
[    0.205113] pci_bus 0000:00: root bus resource [io  0x0d00-0xffff window]
[    0.206292] pci_bus 0000:00: root bus resource [mem 0x000a0000-0x000bffff window]
[    0.208002] pci_bus 0000:00: root bus resource [mem 0x40000000-0xfdffffff window]
[    0.209320] pci_bus 0000:00: root bus resource [bus 00-ff]
[    0.213512] pci 0000:00:01.1: legacy IDE quirk: reg 0x10: [io  0x01f0-0x01f7]
[    0.214636] pci 0000:00:01.1: legacy IDE quirk: reg 0x14: [io  0x03f6]
[    0.215670] pci 0000:00:01.1: legacy IDE quirk: reg 0x18: [io  0x0170-0x0177]
[    0.216002] pci 0000:00:01.1: legacy IDE quirk: reg 0x1c: [io  0x0376]
[    0.228986] pci 0000:00:07.0: quirk: [io  0x4000-0x403f] claimed by PIIX4 ACPI
[    0.230829] pci 0000:00:07.0: quirk: [io  0x4100-0x410f] claimed by PIIX4 SMB
[    0.235845] ACPI: PCI Interrupt Link [LNKA] (IRQs 5 9 10 *11)
[    0.236227] ACPI: PCI Interrupt Link [LNKB] (IRQs 5 9 *10 11)
[    0.237296] ACPI: PCI Interrupt Link [LNKC] (IRQs 5 *9 10 11)
[    0.238287] ACPI: PCI Interrupt Link [LNKD] (IRQs 5 9 10 *11)
[    0.240354] SCSI subsystem initialized
[    0.241008] pci 0000:00:02.0: vgaarb: setting as boot VGA device
[    0.241273] pci 0000:00:02.0: vgaarb: VGA device added: decodes=io+mem,owns=io+mem,locks=none
[    0.242578] pci 0000:00:02.0: vgaarb: bridge control possible
[    0.244005] vgaarb: loaded
[    0.244517] ACPI: bus type USB registered
[    0.245212] usbcore: registered new interface driver usbfs
[    0.246188] usbcore: registered new interface driver hub
[    0.247019] usbcore: registered new device driver usb
[    0.248037] EDAC MC: Ver: 3.0.0
[    0.248770] PCI: Using ACPI for IRQ routing
[    0.248925] NetLabel: Initializing
[    0.249478] NetLabel:  domain hash size = 128
[    0.250162] NetLabel:  protocols = UNLABELED CIPSOv4 CALIPSO
[    0.252015] NetLabel:  unlabeled traffic allowed by default
[    0.252885] clocksource: Switched to clocksource kvm-clock
[    0.261674] VFS: Disk quotas dquot_6.6.0
[    0.262406] VFS: Dquot-cache hash table entries: 512 (order 0, 4096 bytes)
[    0.263589] AppArmor: AppArmor Filesystem Enabled
[    0.264383] pnp: PnP ACPI init
[    0.265942] pnp: PnP ACPI: found 3 devices
[    0.274646] clocksource: acpi_pm: mask: 0xffffff max_cycles: 0xffffff, max_idle_ns: 2085701024 ns
[    0.276341] NET: Registered protocol family 2
[    0.277175] TCP established hash table entries: 8192 (order: 4, 65536 bytes)
[    0.278293] TCP bind hash table entries: 8192 (order: 5, 131072 bytes)
[    0.280299] TCP: Hash tables configured (established 8192 bind 8192)
[    0.281497] UDP hash table entries: 512 (order: 2, 16384 bytes)
[    0.282442] UDP-Lite hash table entries: 512 (order: 2, 16384 bytes)
[    0.284361] NET: Registered protocol family 1
[    0.285581] pci 0000:00:00.0: Limiting direct PCI/PCI transfers
[    0.286539] pci 0000:00:01.0: Activating ISA DMA hang workarounds
[    0.287551] pci 0000:00:02.0: Video device with shadowed ROM at [mem 0x000c0000-0x000dffff]
[    0.289194] Unpacking initramfs...
[    0.501305] Freeing initrd memory: 19228K
[    0.503177] clocksource: tsc: mask: 0xffffffffffffffff max_cycles: 0x2135f7c97c8, max_idle_ns: 440795273205 ns
[    0.505311] platform rtc_cmos: registered platform RTC device (no PNP device found)
[    0.506957] Scanning for low memory corruption every 60 seconds
[    0.508387] Initialise system trusted keyrings
[    0.509103] Key type blacklist registered
[    0.509788] workingset: timestamp_bits=36 max_order=18 bucket_order=0
[    0.512346] zbud: loaded
[    0.513177] squashfs: version 4.0 (2009/01/31) Phillip Lougher
[    0.514360] fuse init (API version 7.26)
[    0.517556] Key type asymmetric registered
[    0.518227] Asymmetric key parser 'x509' registered
[    0.519027] Block layer SCSI generic (bsg) driver version 0.4 loaded (major 246)
[    0.520660] io scheduler noop registered
[    0.521685] io scheduler deadline registered
[    0.522470] io scheduler cfq registered (default)
[    0.524077] ACPI: AC Adapter [AC] (off-line)
[    0.524883] input: Power Button as /devices/LNXSYSTM:00/LNXPWRBN:00/input/input0
[    0.526099] ACPI: Power Button [PWRF]
[    0.526763] input: Sleep Button as /devices/LNXSYSTM:00/LNXSLPBN:00/input/input1
[    0.528330] ACPI: Sleep Button [SLPF]
[    0.530059] ACPI: Battery Slot [BAT0] (battery present)
[    0.530981] Serial: 8250/16550 driver, 32 ports, IRQ sharing enabled
[    0.553117] 00:02: ttyS0 at I/O 0x3f8 (irq = 4, base_baud = 115200) is a 16550A
[    0.556951] Linux agpgart interface v0.103
[    0.559908] loop: module loaded
[    0.560876] scsi host0: ata_piix
[    0.561554] scsi host1: ata_piix
[    0.562133] ata1: PATA max UDMA/33 cmd 0x1f0 ctl 0x3f6 bmdma 0xd000 irq 14
[    0.563822] ata2: PATA max UDMA/33 cmd 0x170 ctl 0x376 bmdma 0xd008 irq 15
[    0.565521] libphy: Fixed MDIO Bus: probed
[    0.567116] tun: Universal TUN/TAP device driver, 1.6
[    0.568218] PPP generic driver version 2.4.2
[    0.569131] ehci_hcd: USB 2.0 'Enhanced' Host Controller (EHCI) Driver
[    0.570185] ehci-pci: EHCI PCI platform driver
[    0.570922] ehci-platform: EHCI generic platform driver
[    0.571770] ohci_hcd: USB 1.1 'Open' Host Controller (OHCI) Driver
[    0.573352] ohci-pci: OHCI PCI platform driver
[    0.574084] ohci-platform: OHCI generic platform driver
[    0.574926] uhci_hcd: USB Universal Host Controller Interface driver
[    0.575967] i8042: PNP: PS/2 Controller [PNP0303:PS2K,PNP0f03:PS2M] at 0x60,0x64 irq 1,12
[    0.577765] serio: i8042 KBD port at 0x60,0x64 irq 1
[    0.578596] serio: i8042 AUX port at 0x60,0x64 irq 12
[    0.579586] mousedev: PS/2 mouse device common for all mice
[    0.581006] input: AT Translated Set 2 keyboard as /devices/platform/i8042/serio0/input/input2
[    0.582529] rtc_cmos rtc_cmos: rtc core: registered rtc_cmos as rtc0
[    0.583784] rtc_cmos rtc_cmos: alarms up to one day, 114 bytes nvram
[    0.584864] i2c /dev entries driver
[    0.585495] device-mapper: uevent: version 1.0.3
[    0.586331] device-mapper: ioctl: 4.37.0-ioctl (2017-09-20) initialised: dm-devel@redhat.com
[    0.587749] ledtrig-cpu: registered to indicate activity on CPUs
[    0.589084] NET: Registered protocol family 10
[    0.593380] Segment Routing with IPv6
[    0.594058] NET: Registered protocol family 17
[    0.594838] Key type dns_resolver registered
[    0.595797] mce: Using 0 MCE banks
[    0.596693] RAS: Correctable Errors collector initialized.
[    0.597598] sched_clock: Marking stable (596678507, 0)->(729827339, -133148832)
[    0.599267] registered taskstats version 1
[    0.599958] Loading compiled-in X.509 certificates
[    0.602550] Loaded X.509 cert 'Build time autogenerated kernel key: c356b48d5f070be9e15fb09bbd57426939f0386e'
[    0.604175] zswap: loaded using pool lzo/zbud
[    0.607340] Key type big_key registered
[    0.607995] Key type trusted registered
[    0.610311] Key type encrypted registered
[    0.610982] AppArmor: AppArmor sha1 policy hashing enabled
[    0.611868] ima: No TPM chip found, activating TPM-bypass! (rc=-19)
[    0.612912] ima: Allocated hash algorithm: sha1
[    0.613663] evm: HMAC attrs: 0x1
[    0.614408]   Magic number: 13:827:788
[    0.615131] rtc_cmos rtc_cmos: setting system clock to 2021-03-15 14:47:23 UTC (1615819643)
[    0.616629] BIOS EDD facility v0.16 2004-Jun-25, 0 devices found
[    0.617734] EDD information not available.
[    0.750313] Freeing unused kernel image memory: 2440K
[    0.761261] Write protecting the kernel read-only data: 20480k
[    0.764265] Freeing unused kernel image memory: 2008K
[    0.766187] Freeing unused kernel image memory: 1868K
[    0.774926] x86/mm: Checked W+X mappings: passed, no W+X pages found.
[    0.776695] x86/mm: Checking user space page tables
[    0.784578] x86/mm: Checked W+X mappings: passed, no W+X pages found.
Loading, please wait...
starting version 237
[    0.833686] e1000: Intel(R) PRO/1000 Network Driver - version 7.3.21-k8-NAPI
[    0.835976] e1000: Copyright (c) 1999-2006 Intel Corporation.
[    0.844977] Fusion MPT base driver 3.04.20
[    0.846216] Copyright (c) 1999-2008 LSI Corporation
[    0.850861] Fusion MPT SPI Host driver 3.04.20
[    0.857320] AVX2 version of gcm_enc/dec engaged.
[    0.859393] AES CTR mode by8 optimization enabled
[    1.063595] input: ImExPS/2 Generic Explorer Mouse as /devices/platform/i8042/serio1/input/input4
[    1.533412] e1000 0000:00:03.0 eth0: (PCI:33MHz:32-bit) 02:c3:31:86:ce:e2
[    1.535833] e1000 0000:00:03.0 eth0: Intel(R) PRO/1000 Network Connection
[    1.538225] mptbase: ioc0: Initiating bringup
[    1.540480] e1000 0000:00:03.0 enp0s3: renamed from eth0
[    2.045959] ioc0: LSI53C1030 A0: Capabilities={Initiator}
[    4.656833] scsi host2: ioc0: LSI53C1030 A0, FwRev=00000000h, Ports=1, MaxQ=256, IRQ=20
[    6.528808] scsi 2:0:0:0: Direct-Access     VBOX     HARDDISK         1.0  PQ: 0 ANSI: 5
[    7.047787] scsi target2:0:0: Beginning Domain Validation
[    7.051088] scsi target2:0:0: Domain Validation skipping write tests
[    7.052696] scsi target2:0:0: Ending Domain Validation
[    7.054014] scsi target2:0:0: asynchronous
[    7.055604] scsi 2:0:1:0: Direct-Access     VBOX     HARDDISK         1.0  PQ: 0 ANSI: 5
[    7.748357] scsi target2:0:1: Beginning Domain Validation
[    7.751705] random: fast init done
[    7.752766] scsi target2:0:1: Domain Validation skipping write tests
[    7.754367] scsi target2:0:1: Ending Domain Validation
[    7.755837] scsi target2:0:1: asynchronous
[    7.761157] random: systemd-udevd: uninitialized urandom read (16 bytes read)
[    7.761210] sd 2:0:0:0: Attached scsi generic sg0 type 0
[    7.763187] random: systemd-udevd: uninitialized urandom read (16 bytes read)
[    7.766495] random: systemd-udevd: uninitialized urandom read (16 bytes read)
[    7.768329] sd 2:0:1:0: Attached scsi generic sg1 type 0
[    7.768344] sd 2:0:0:0: [sda] 83886080 512-byte logical blocks: (42.9 GB/40.0 GiB)
[    7.771589] sd 2:0:0:0: [sda] Write Protect is off
[    7.773298] sd 2:0:1:0: [sdb] 20480 512-byte logical blocks: (10.5 MB/10.0 MiB)
[    7.775478] sd 2:0:1:0: [sdb] Write Protect is off
[    7.776739] sd 2:0:0:0: [sda] Incomplete mode parameter data
[    7.777998] sd 2:0:0:0: [sda] Assuming drive cache: write through
[    7.779362] sd 2:0:1:0: [sdb] Incomplete mode parameter data
[    7.780745] sd 2:0:1:0: [sdb] Assuming drive cache: write through
[    7.784751]  sda: sda1
[    7.786244] sd 2:0:1:0: [sdb] Attached SCSI disk
[    7.786309] sd 2:0:0:0: [sda] Attached SCSI disk
Begin: Loading essential drivers ... [    9.128280] raid6: sse2x1   gen() 14991 MB/s
[    9.176216] raid6: sse2x1   xor()  8980 MB/s
[    9.224237] raid6: sse2x2   gen() 18514 MB/s
[    9.272291] raid6: sse2x2   xor() 11979 MB/s
[    9.320017] raid6: sse2x4   gen() 19564 MB/s
[    9.368078] raid6: sse2x4   xor() 10626 MB/s
[    9.416513] raid6: avx2x1   gen() 25758 MB/s
[    9.464448] raid6: avx2x1   xor() 17243 MB/s
[    9.512222] raid6: avx2x2   gen() 34689 MB/s
[    9.560223] raid6: avx2x2   xor() 23013 MB/s
[    9.608245] raid6: avx2x4   gen() 37162 MB/s
[    9.656046] raid6: avx2x4   xor() 24304 MB/s
[    9.657121] raid6: using algorithm avx2x4 gen() 37162 MB/s
[    9.658065] raid6: .... xor() 24304 MB/s, rmw enabled
[    9.658853] raid6: using avx2x2 recovery algorithm
[    9.660649] xor: automatically using best checksumming function   avx       
[    9.663017] async_tx: api initialized (async)
done.
Begin: Running /scripts/init-premount ... done.
Begin: Mounting root file system ... Begin: Running /scripts/local-top ... done.
Begin: Running /scripts/local-premount ... [    9.694537] Btrfs loaded, crc32c=crc32c-intel
Scanning for Btrfs filesystems
done.
Warning: fsck not present, so skipping root file system
[    9.716932] EXT4-fs (sda1): mounted filesystem with ordered data mode. Opts: (null)
done.
Begin: Running /scripts/local-bottom ... done.
Begin: Running /scripts/init-bottom ... done.
[    9.856857] ip_tables: (C) 2000-2006 Netfilter Core Team
[    9.865594] systemd[1]: systemd 237 running in system mode. (+PAM +AUDIT +SELINUX +IMA +APPARMOR +SMACK +SYSVINIT +UTMP +LIBCRYPTSETUP +GCRYPT +GNUTLS +ACL +XZ +LZ4 +SECCOMP +BLKID +ELFUTILS +KMOD -IDN2 +IDN -PCRE2 default-hierarchy=hybrid)
[    9.869168] systemd[1]: Detected virtualization oracle.
[    9.870055] systemd[1]: Detected architecture x86-64.

Welcome to [1mUbuntu 18.04.5 LTS[0m!

[    9.889356] systemd[1]: Set hostname to <ubuntu>.
[    9.893923] systemd[1]: Initializing machine ID from random generator.
[    9.895240] systemd[1]: Installed transient /etc/machine-id file.
[   10.069851] systemd[1]: Created slice User and Session Slice.
[[0;32m  OK  [0m] Created slice User and Session Slice.
[   10.072396] systemd[1]: Reached target User and Group Name Lookups.
[[0;32m  OK  [0m] Reached target User and Group Name Lookups.
[   10.074397] systemd[1]: Set up automount Arbitrary Executable File Formats File System Automount Point.
[[0;32m  OK  [0m] Set up automount Arbitrary Executab…rmats File System Automount Point.
[   10.077646] systemd[1]: Created slice System Slice.
[[0;32m  OK  [0m] Created slice System Slice.
[[0;32m  OK  [0m] Listening on Journal Socket (/dev/log).
[[0;32m  OK  [0m] Listening on /dev/initctl Compatibility Named Pipe.
[[0;32m  OK  [0m] Listening on LVM2 poll daemon socket.
[[0;32m  OK  [0m] Listening on LVM2 metadata daemon socket.
[[0;32m  OK  [0m] Reached target Slices.
[[0;32m  OK  [0m] Listening on fsck to fsckd communication Socket.
[[0;32m  OK  [0m] Listening on udev Kernel Socket.
[[0;32m  OK  [0m] Listening on Syslog Socket.
[[0;32m  OK  [0m] Started Forward Password Requests to Wall Directory Watch.
[[0;32m  OK  [0m] Listening on Journal Socket.
         Starting Uncomplicated firewall...
         Starting Load Kernel Modules...
         Starting Create list of required st…ce nodes for the current kernel...
         Mounting POSIX Message Queue File System...
[   10.121290] Loading iSCSI transport class v2.0-870.
         Starting Set the console keyboard layout...
         Mounting Huge Pages File System...
[   10.126994] iscsi: registered transport (tcp)
         Starting File System Check on Root Device...
[[0;32m  OK  [0m] Listening on Device-mapper event daemon FIFOs.
[   10.166337] iscsi: registered transport (iser)
         Starting Monitoring of LVM2 mirrors…ng dmeventd or progress polling...
[[0;32m  OK  [0m] Reached target Swap.
[[0;32m  OK  [0m] Created slice system-serial\x2dgetty.slice.
[[0;32m  OK  [0m] Listening on Network Service Netlink Socket.
[[0;32m  OK  [0m] Listening on Journal Audit Socket.
         Starting Journal Service...
[[0;32m  OK  [0m] Listening on udev Control Socket.
         Starting udev Coldplug all Devices...
         Mounting Kernel Debug File System...
[[0;32m  OK  [0m] Reached target System Time Synchronized.
[[0;32m  OK  [0m] Started Uncomplicated firewall.
[[0;32m  OK  [0m] Started Load Kernel Modules.
[[0;32m  OK  [0m] Started Create list of required sta…vice nodes for the current kernel.
[[0;32m  OK  [0m] Mounted POSIX Message Queue File System.
[[0;32m  OK  [0m] Mounted Huge Pages File System.
[[0;32m  OK  [0m] Mounted Kernel Debug File System.
[[0;32m  OK  [0m] Started LVM2 metadata daemon.
[[0;32m  OK  [0m] Started File System Check Daemon to report status.
         Starting Create Static Device Nodes in /dev...
         Starting Apply Kernel Variables...
         Mounting Kernel Configuration File System...
         Mounting FUSE Control File System...
[[0;32m  OK  [0m] Started Journal Service.
[[0;32m  OK  [0m] Mounted FUSE Control File System.
[[0;32m  OK  [0m] Mounted Kernel Configuration File System.
[[0;32m  OK  [0m] Started File System Check on Root Device.
         Starting Remount Root and Kernel File Systems...
[[0;32m  OK  [0m] Started udev Coldplug all Devices.
[[0;32m  OK  [0m] Started Create Static Device Nodes in /dev.
[[0;32m  OK  [0m] Started Monitoring of LVM2 mirrors,…sing dmeventd or progress polling.
[[0;32m  OK  [0m] Started Apply Kernel Variables.
[[0;32m  OK  [0m] Started Remount Root and Kernel File Systems.
         Starting Load/Save Random Seed...
         Starting udev Kernel Device Manager...
         Starting Flush Journal to Persistent Storage...
[[0;32m  OK  [0m] Started udev Kernel Device Manager.
[[0;32m  OK  [0m] Started Load/Save Random Seed.
[[0;32m  OK  [0m] Started Flush Journal to Persistent Storage.
[[0;32m  OK  [0m] Found device /dev/ttyS0.
[[0;32m  OK  [0m] Listening on Load/Save RF Kill Switch Status /dev/rfkill Watch.
[[0;32m  OK  [0m] Started Set the console keyboard layout.
[[0;32m  OK  [0m] Started Dispatch Password Requests to Console Directory Watch.
[[0;32m  OK  [0m] Reached target Local Encrypted Volumes.
[[0;32m  OK  [0m] Reached target Local File Systems (Pre).
[[0;32m  OK  [0m] Reached target Local File Systems.
         Starting Tell Plymouth To Write Out Runtime Data...
         Starting Create Volatile Files and Directories...
         Starting Commit a transient machine-id on disk...
         Starting AppArmor initialization...
         Starting Set console font and keymap...
         Starting ebtables ruleset management...
[[0;32m  OK  [0m] Started Tell Plymouth To Write Out Runtime Data.
[[0;32m  OK  [0m] Started Set console font and keymap.
[[0;32m  OK  [0m] Started Create Volatile Files and Directories.
         Starting Update UTMP about System Boot/Shutdown...
[[0;32m  OK  [0m] Started Update UTMP about System Boot/Shutdown.
[[0;32m  OK  [0m] Started Commit a transient machine-id on disk.
[[0;32m  OK  [0m] Started ebtables ruleset management.
[[0;32m  OK  [0m] Started AppArmor initialization.
         Starting Initial cloud-init job (pre-networking)...
         Starting Load AppArmor profiles managed internally by snapd...
[[0;32m  OK  [0m] Started Load AppArmor profiles managed internally by snapd.
[   12.377296] cloud-init[692]: Cloud-init v. 20.4.1-0ubuntu1~18.04.1 running 'init-local' at Mon, 15 Mar 2021 14:47:34 +0000. Up 12.11 seconds.
[[0;32m  OK  [0m] Started Initial cloud-init job (pre-networking).
[[0;32m  OK  [0m] Reached target Network (Pre).
         Starting Network Service...
[[0;32m  OK  [0m] Started Network Service.
         Starting Network Name Resolution...
         Starting Wait for Network to be Configured...
[[0;32m  OK  [0m] Started Network Name Resolution.
[[0;32m  OK  [0m] Reached target Host and Network Name Lookups.
[[0;32m  OK  [0m] Reached target Network.
[[0;32m  OK  [0m] Started Wait for Network to be Configured.
         Starting Initial cloud-init job (metadata service crawler)...
[   14.327910] cloud-init[823]: Cloud-init v. 20.4.1-0ubuntu1~18.04.1 running 'init' at Mon, 15 Mar 2021 14:47:37 +0000. Up 14.24 seconds.
[   14.329746] cloud-init[823]: ci-info: ++++++++++++++++++++++++++++++++++++++Net device info++++++++++++++++++++++++++++++++++++++
[   14.331291] cloud-init[823]: ci-info: +--------+------+----------------------------+---------------+--------+-------------------+
[   14.348219] cloud-init[823]: ci-info: | Device |  Up  |          Address           |      Mask     | Scope  |     Hw-Address    |
[   14.349834] cloud-init[823]: ci-info: +--------+------+----------------------------+---------------+--------+-------------------+
[   14.351432] cloud-init[823]: ci-info: | enp0s3 | True |         10.0.2.15          | 255.255.255.0 | global | 02:c3:31:86:ce:e2 |
[   14.353064] cloud-init[823]: ci-info: | enp0s3 | True | fe80::c3:31ff:fe86:cee2/64 |       .       |  link  | 02:c3:31:86:ce:e2 |
[   14.355457] cloud-init[823]: ci-info: |   lo   | True |         127.0.0.1          |   255.0.0.0   |  host  |         .         |
[   14.357323] cloud-init[823]: ci-info: |   lo   | True |          ::1/128           |       .       |  host  |         .         |
[   14.358826] cloud-init[823]: ci-info: +--------+------+----------------------------+---------------+--------+-------------------+
[   14.361317] cloud-init[823]: ci-info: ++++++++++++++++++++++++++++Route IPv4 info+++++++++++++++++++++++++++++
[   14.363099] cloud-init[823]: ci-info: +-------+-------------+----------+-----------------+-----------+-------+
[   14.365298] cloud-init[823]: ci-info: | Route | Destination | Gateway  |     Genmask     | Interface | Flags |
[   14.367717] cloud-init[823]: ci-info: +-------+-------------+----------+-----------------+-----------+-------+
[   14.369359] cloud-init[823]: ci-info: |   0   |   0.0.0.0   | 10.0.2.2 |     0.0.0.0     |   enp0s3  |   UG  |
[   14.370924] cloud-init[823]: ci-info: |   1   |   10.0.2.0  | 0.0.0.0  |  255.255.255.0  |   enp0s3  |   U   |
[   14.372522] cloud-init[823]: ci-info: |   2   |   10.0.2.2  | 0.0.0.0  | 255.255.255.255 |   enp0s3  |   UH  |
[   14.373992] cloud-init[823]: ci-info: +-------+-------------+----------+-----------------+-----------+-------+
[   14.375432] cloud-init[823]: ci-info: +++++++++++++++++++Route IPv6 info+++++++++++++++++++
[   14.376724] cloud-init[823]: ci-info: +-------+-------------+---------+-----------+-------+
[   14.377916] cloud-init[823]: ci-info: | Route | Destination | Gateway | Interface | Flags |
[   14.379052] cloud-init[823]: ci-info: +-------+-------------+---------+-----------+-------+
[   14.380215] cloud-init[823]: ci-info: |   1   |  fe80::/64  |    ::   |   enp0s3  |   U   |
[   14.392176] cloud-init[823]: ci-info: |   3   |    local    |    ::   |   enp0s3  |   U   |
[   14.404110] cloud-init[823]: ci-info: |   4   |   ff00::/8  |    ::   |   enp0s3  |   U   |
[   14.405143] cloud-init[823]: ci-info: +-------+-------------+---------+-----------+-------+
[   14.962789] cloud-init[823]: Generating public/private rsa key pair.
[   14.963476] cloud-init[823]: Your identification has been saved in /etc/ssh/ssh_host_rsa_key.
[   14.976689] cloud-init[823]: Your public key has been saved in /etc/ssh/ssh_host_rsa_key.pub.
[   14.977565] cloud-init[823]: The key fingerprint is:
[   14.978113] cloud-init[823]: SHA256:/XeL+RmUX81icfEtl6q1YUuiNWi70k7DLfl/QBWJsBs root@ubuntu-bionic
[   14.979152] cloud-init[823]: The key's randomart image is:
[   14.979822] cloud-init[823]: +---[RSA 2048]----+
[   14.980671] cloud-init[823]: |           .. .oo|
[   14.981515] cloud-init[823]: |            .. o=|
[   14.982345] cloud-init[823]: |           E  +.=|
[   14.983176] cloud-init[823]: |         .. o..*o|
[   14.984008] cloud-init[823]: |        So.=.*oo+|
[   14.984878] cloud-init[823]: |        o *.Bo=.o|
[   14.985817] cloud-init[823]: |        .O o.oo.o|
[   14.986717] cloud-init[823]: |       ...=  .oo+|
[   14.987549] cloud-init[823]: |        oo ..+o+ |
[   14.988434] cloud-init[823]: +----[SHA256]-----+
[   14.989276] cloud-init[823]: Generating public/private dsa key pair.
[   14.990422] cloud-init[823]: Your identification has been saved in /etc/ssh/ssh_host_dsa_key.
[   14.991899] cloud-init[823]: Your public key has been saved in /etc/ssh/ssh_host_dsa_key.pub.
[   14.993403] cloud-init[823]: The key fingerprint is:
[   14.994283] cloud-init[823]: SHA256:EvNFtoion6nnY6SWhhzMRGje/l4TwGsPYIV/up81BvU root@ubuntu-bionic
[   14.995815] cloud-init[823]: The key's randomart image is:
[   14.996815] cloud-init[823]: +---[DSA 1024]----+
[   14.997646] cloud-init[823]: |.   ..    o      |
[   14.998439] cloud-init[823]: |.o .o. . + .     |
[   14.999262] cloud-init[823]: |+ .ooo+ ..o      |
[   15.000114] cloud-init[823]: | o.o..o=...      |
[   15.000906] cloud-init[823]: |+ o  ++oS  E     |
[   15.001577] cloud-init[823]: | + oo+o.o        |
[   15.002333] cloud-init[823]: |...+= .+ +       |
[   15.003081] cloud-init[823]: |..=.+o. = .      |
[   15.003576] cloud-init[823]: | o.+oo.o         |
[   15.004384] cloud-init[823]: +----[SHA256]-----+
[   15.004857] cloud-init[823]: Generating public/private ecdsa key pair.
[   15.005830] cloud-init[823]: Your identification has been saved in /etc/ssh/ssh_host_ecdsa_key.
[   15.006693] cloud-init[823]: Your public key has been saved in /etc/ssh/ssh_host_ecdsa_key.pub.
[   15.007463] cloud-init[823]: The key fingerprint is:
[   15.008207] cloud-init[823]: SHA256:CJX2c+ujUWvQzlteFoOvaDYxWsWO6MFdQkbhUlKDdf0 root@ubuntu-bionic
[   15.009444] cloud-init[823]: The key's randomart image is:
[   15.010226] cloud-init[823]: +---[ECDSA 256]---+
[   15.010892] cloud-init[823]: |      ...=B...   |
[   15.011735] cloud-init[823]: |     .o .+oo  .  |
[   15.012517] cloud-init[823]: |    .. ..o..   . |
[   15.013183] cloud-init[823]: |     . .ooo +.  E|
[   15.013853] cloud-init[823]: |      ..S=oB. o  |
[   15.014565] cloud-init[823]: |        +=B... o |
[   15.015228] cloud-init[823]: |       ..==o. +  |
[   15.015890] cloud-init[823]: |        oo*= +   |
[   15.016603] cloud-init[823]: |        .+ooo    |
[   15.017266] cloud-init[823]: +----[SHA256]-----+
[   15.017928] cloud-init[823]: Generating public/private ed25519 key pair.
[   15.018872] cloud-init[823]: Your identification has been saved in /etc/ssh/ssh_host_ed25519_key.
[   15.020114] cloud-init[823]: Your public key has been saved in /etc/ssh/ssh_host_ed25519_key.pub.
[   15.021336] cloud-init[823]: The key fingerprint is:
[   15.022038] cloud-init[823]: SHA256:2KIvJfl7uXGtYDf/l6M2fu7GWMF/tYVPfcfYkhkh97Y root@ubuntu-bionic
[   15.023438] cloud-init[823]: The key's randomart image is:
[   15.024247] cloud-init[823]: +--[ED25519 256]--+
[   15.024920] cloud-init[823]: |            . o. |
[   15.025586] cloud-init[823]: |             o.. |
[   15.026248] cloud-init[823]: |              .O+|
[   15.026908] cloud-init[823]: |       o      *+@|
[   15.027611] cloud-init[823]: |     .o S      EO|
[   15.028320] cloud-init[823]: |    o...   .   o+|
[   15.028987] cloud-init[823]: |    .+  +.+ . + o|
[   15.029679] cloud-init[823]: |    ....o= + + *.|
[   15.030360] cloud-init[823]: |     .oo... ++O+.|
[   15.031029] cloud-init[823]: +----[SHA256]-----+
[[0;32m  OK  [0m] Started Initial cloud-init job (metadata service crawler).
[[0;32m  OK  [0m] Reached target System Initialization.
[[0;32m  OK  [0m] Listening on ACPID Listen Socket.
[[0;32m  OK  [0m] Listening on D-Bus System Message Bus Socket.
         Starting LXD - unix socket.
[[0;32m  OK  [0m] Started Daily Cleanup of Temporary Directories.
[[0;32m  OK  [0m] Listening on Open-iSCSI iscsid Socket.
[[0;32m  OK  [0m] Started ACPI Events Check.
[[0;32m  OK  [0m] Reached target Paths.
[[0;32m  OK  [0m] Started Discard unused blocks once a week.
         Starting Socket activation for snappy daemon.
[[0;32m  OK  [0m] Started Message of the Day.
[[0;32m  OK  [0m] Started Daily apt download activities.
[[0;32m  OK  [0m] Started Daily apt upgrade and clean activities.
[[0;32m  OK  [0m] Reached target Timers.
[[0;32m  OK  [0m] Listening on UUID daemon activation socket.
[[0;32m  OK  [0m] Reached target Network is Online.
         Starting Availability of block devices...
[[0;32m  OK  [0m] Reached target Remote File Systems (Pre).
[[0;32m  OK  [0m] Reached target Remote File Systems.
[[0;32m  OK  [0m] Reached target Cloud-config availability.
[[0;32m  OK  [0m] Listening on LXD - unix socket.
[[0;32m  OK  [0m] Listening on Socket activation for snappy daemon.
[[0;32m  OK  [0m] Reached target Sockets.
[[0;32m  OK  [0m] Reached target Basic System.
[[0;32m  OK  [0m] Started FUSE filesystem for LXC.
         Starting Dispatcher daemon for systemd-networkd...
         Starting Permit User Sessions...
         Starting Virtualbox guest utils...
         Starting LSB: Record successful boot for GRUB...
[[0;32m  OK  [0m] Started irqbalance daemon.
         Starting Pollinate to seed the pseudo random number generator...
         Starting LSB: automatic crash report generation...
[[0;32m  OK  [0m] Started Deferred execution scheduler.
[[0;32m  OK  [0m] Started Regular background program processing daemon.
         Starting Accounts Service...
         Starting Login Service...
         Starting Snap Daemon...
         Starting LXD - container startup/shutdown...
         Starting System Logging Service...
[[0;32m  OK  [0m] Started D-Bus System Message Bus.
[[0;32m  OK  [0m] Started Login Service.
[[0;32m  OK  [0m] Started Unattended Upgrades Shutdown.
[[0;32m  OK  [0m] Started System Logging Service.
[[0;32m  OK  [0m] Started Availability of block devices.
[[0;32m  OK  [0m] Started Permit User Sessions.
         Starting Hold until boot process finishes up...
         Starting Terminate Plymouth Boot Screen...
[[0;32m  OK  [0m] Started Hold until boot process finishes up.
[[0;32m  OK  [0m] Started Terminate Plymouth Boot Screen.
[[0;32m  OK  [0m] Started Dispatcher daemon for systemd-networkd.
         Starting Authorization Manager...
         Starting Set console scheme...
[[0;32m  OK  [0m] Started Serial Getty on ttyS0.
[[0;32m  OK  [0m] Started LXD - container startup/shutdown.
[[0;32m  OK  [0m] Started Authorization Manager.
[[0;32m  OK  [0m] Started Set console scheme.
[[0;32m  OK  [0m] Started Accounts Service.
[[0;32m  OK  [0m] Created slice system-getty.slice.
[[0;32m  OK  [0m] Started Getty on tty1.
[[0;32m  OK  [0m] Reached target Login Prompts.
[[0;32m  OK  [0m] Started LSB: automatic crash report generation.
[[0;32m  OK  [0m] Started Virtualbox guest utils.
[[0;32m  OK  [0m] Started LSB: Record successful boot for GRUB.
[[0;32m  OK  [0m] Started Snap Daemon.
         Starting Wait until snapd is fully seeded...
[[0;32m  OK  [0m] Started Pollinate to seed the pseudo random number generator.
         Starting OpenBSD Secure Shell server...
[[0;32m  OK  [0m] Started OpenBSD Secure Shell server.
[[0;32m  OK  [0m] Started Wait until snapd is fully seeded.
         Starting Apply the settings specified in cloud-config...
[[0;32m  OK  [0m] Reached target Multi-User System.
[[0;32m  OK  [0m] Reached target Graphical Interface.
         Starting Update UTMP about System Runlevel Changes...
[[0;32m  OK  [0m] Started Update UTMP about System Runlevel Changes.
[   17.201822] cloud-init[1386]: Cloud-init v. 20.4.1-0ubuntu1~18.04.1 running 'modules:config' at Mon, 15 Mar 2021 14:47:39 +0000. Up 16.85 seconds.
[[0;32m  OK  [0m] Started Apply the settings specified in cloud-config.
         Starting Execute cloud user/final scripts...
ci-info: no authorized SSH keys fingerprints found for user ubuntu.
<14>Mar 15 14:47:40 ec2: 
<14>Mar 15 14:47:40 ec2: #############################################################
<14>Mar 15 14:47:40 ec2: -----BEGIN SSH HOST KEY FINGERPRINTS-----
<14>Mar 15 14:47:40 ec2: 1024 SHA256:EvNFtoion6nnY6SWhhzMRGje/l4TwGsPYIV/up81BvU root@ubuntu-bionic (DSA)
<14>Mar 15 14:47:40 ec2: 256 SHA256:CJX2c+ujUWvQzlteFoOvaDYxWsWO6MFdQkbhUlKDdf0 root@ubuntu-bionic (ECDSA)
<14>Mar 15 14:47:40 ec2: 256 SHA256:2KIvJfl7uXGtYDf/l6M2fu7GWMF/tYVPfcfYkhkh97Y root@ubuntu-bionic (ED25519)
<14>Mar 15 14:47:40 ec2: 2048 SHA256:/XeL+RmUX81icfEtl6q1YUuiNWi70k7DLfl/QBWJsBs root@ubuntu-bionic (RSA)
<14>Mar 15 14:47:40 ec2: -----END SSH HOST KEY FINGERPRINTS-----
<14>Mar 15 14:47:40 ec2: #############################################################
-----BEGIN SSH HOST KEY KEYS-----
ecdsa-sha2-nistp256 AAAAE2VjZHNhLXNoYTItbmlzdHAyNTYAAAAIbmlzdHAyNTYAAABBBJpm5FLqd34d8We5OMlv3IotJvt2loqEc8pZr9BhpLLq06x6JUmxRBB2AluNrJCFAPbb0EuWflkiVrKaacoi6GE= root@ubuntu-bionic
ssh-ed25519 AAAAC3NzaC1lZDI1NTE5AAAAIC3lctghz6uLE/IyYuJm27ulbWvPpBPYX7TSPFxzv6ZJ root@ubuntu-bionic
ssh-rsa AAAAB3NzaC1yc2EAAAADAQABAAABAQDE/grgI0aMADqpHVPYelcmbjaJ8TYjGxjNGQuu1vTWRdoj40I/Ip/d/I5ZmVqEe25aGxTyYA5v6jxQ2atZ6zJ2oSeaS4vm6zuKJdxla8PD5YnAPIeg5zOqtGMM260nQv81m2pi1w/A3KFDO/l5GYni0ftpGMbSYUxgMvmh3l47eTfi1cQB9Tngwk+Lll9Wv+7axwaQHmxb56xlDFobgz/s+M6SmgJoOp9Sj8elu9Zn1kuHPjFeU0aH4Avyny/kF2VFb7NaFWuO/bFwE4kgcIaBUAXgW5ASV+gfmxpwm1PX0kg3AR73d5ImtqEbx0JX5gc/oF2EFNlD8MIDPKHLFapz root@ubuntu-bionic
-----END SSH HOST KEY KEYS-----
[   17.577444] cloud-init[1448]: Cloud-init v. 20.4.1-0ubuntu1~18.04.1 running 'modules:final' at Mon, 15 Mar 2021 14:47:40 +0000. Up 17.46 seconds.
[   17.588252] cloud-init[1448]: ci-info: no authorized SSH keys fingerprints found for user ubuntu.
[   17.589392] cloud-init[1448]: Cloud-init v. 20.4.1-0ubuntu1~18.04.1 finished at Mon, 15 Mar 2021 14:47:40 +0000. Datasource DataSourceNoCloud [seed=/dev/sdb][dsmode=net].  Up 17.57 seconds
[[0;32m  OK  [0m] Started Execute cloud user/final scripts.
[[0;32m  OK  [0m] Reached target Cloud-init target.

Ubuntu 18.04.5 LTS ubuntu-bionic ttyS0

ubuntu-bionic login: [121567.748951] e1000 0000:00:03.0 enp0s3: Reset adapter
